<?xml version="1.0" encoding="UTF-8"?>
<!-- Generated by org.testng.reporters.JUnitReportReporter -->
<testsuite hostname="DESKTOP-FLJMP0F" failures="0" tests="9" name="com.demo.testcases.TC_MISC_AL_WH_Yes_02" time="1082.970" errors="1" timestamp="2021-04-02T18:41:49 IST" skipped="0">
  <testcase classname="com.demo.testcases.TC_MISC_AL_WH_Yes_02" name="afterSuite" time="0.100">
    <error message="Cannot invoke &quot;com.aventstack.extentreports.ExtentReports.flush()&quot; because &quot;com.demo.utility.ExtentManager.extent&quot; is null" type="java.lang.NullPointerException">
      <![CDATA[java.lang.NullPointerException: Cannot invoke "com.aventstack.extentreports.ExtentReports.flush()" because "com.demo.utility.ExtentManager.extent" is null
at com.demo.utility.ExtentManager.endReport(ExtentManager.java:37)
at com.demo.Base.base.afterSuite(base.java:199)
at java.base/jdk.internal.reflect.NativeMethodAccessorImpl.invoke0(Native Method)
at java.base/jdk.internal.reflect.NativeMethodAccessorImpl.invoke(NativeMethodAccessorImpl.java:64)
at java.base/jdk.internal.reflect.DelegatingMethodAccessorImpl.invoke(DelegatingMethodAccessorImpl.java:43)
at java.base/java.lang.reflect.Method.invoke(Method.java:564)
at org.testng.internal.MethodInvocationHelper.invokeMethod(MethodInvocationHelper.java:132)
at org.testng.internal.MethodInvocationHelper.invokeMethodConsideringTimeout(MethodInvocationHelper.java:61)
at org.testng.internal.ConfigInvoker.invokeConfigurationMethod(ConfigInvoker.java:366)
at org.testng.internal.ConfigInvoker.invokeConfigurations(ConfigInvoker.java:320)
at org.testng.SuiteRunner.privateRun(SuiteRunner.java:351)
at org.testng.SuiteRunner.run(SuiteRunner.java:286)
at org.testng.SuiteRunnerWorker.runSuite(SuiteRunnerWorker.java:53)
at org.testng.SuiteRunnerWorker.run(SuiteRunnerWorker.java:96)
at org.testng.TestNG.runSuitesSequentially(TestNG.java:1218)
at org.testng.TestNG.runSuitesLocally(TestNG.java:1140)
at org.testng.TestNG.runSuites(TestNG.java:1069)
at org.testng.TestNG.run(TestNG.java:1037)
at org.testng.remote.AbstractRemoteTestNG.run(AbstractRemoteTestNG.java:115)
at org.testng.remote.RemoteTestNG.initAndRun(RemoteTestNG.java:251)
at org.testng.remote.RemoteTestNG.main(RemoteTestNG.java:77)
]]>
    </error>
  </testcase> <!-- afterSuite -->
  <system-out/>
  <testcase classname="com.demo.testcases.TC_MISC_AL_WH_Yes_02" name="clickonLoginTest" time="144.152"/>
  <system-out/>
  <testcase classname="com.demo.testcases.TC_MISC_AL_WH_Yes_02" name="navigate_miscform" time="145.698"/>
  <system-out/>
  <testcase classname="com.demo.testcases.TC_MISC_AL_WH_Yes_02" name="form_addpayer" time="363.337"/>
  <system-out/>
  <testcase classname="com.demo.testcases.TC_MISC_AL_WH_Yes_02" name="add_Recpt_boxamt" time="204.132"/>
  <system-out/>
  <testcase classname="com.demo.testcases.TC_MISC_AL_WH_Yes_02" name="whamount_AL" time="96.515"/>
  <system-out/>
  <testcase classname="com.demo.testcases.TC_MISC_AL_WH_Yes_02" name="removeStefiling_VES" time="0.046"/>
  <system-out/>
  <testcase classname="com.demo.testcases.TC_MISC_AL_WH_Yes_02" name="verifyVES_ALuncheck" time="42.939"/>
  <system-out/>
  <testcase classname="com.demo.testcases.TC_MISC_AL_WH_Yes_02" name="payment_page_without_statefiling" time="86.051"/>
  <system-out/>
</testsuite> <!-- com.demo.testcases.TC_MISC_AL_WH_Yes_02 -->
