<?xml version="1.0" encoding="UTF-8"?>
<!-- Generated by org.testng.reporters.JUnitReportReporter -->
<testsuite hostname="DESKTOP-FLJMP0F" failures="0" tests="9" name="com.demo.testcases.TC_NEC_AL_WH_Yes_02" time="1214.795" errors="1" timestamp="2021-04-08T10:43:19 IST" skipped="0">
  <testcase classname="com.demo.testcases.TC_NEC_AL_WH_Yes_02" name="afterSuite" time="0.169">
    <error message="Cannot invoke &quot;com.aventstack.extentreports.ExtentReports.flush()&quot; because &quot;com.demo.utility.ExtentManager.extent&quot; is null" type="java.lang.NullPointerException">
      <![CDATA[java.lang.NullPointerException: Cannot invoke "com.aventstack.extentreports.ExtentReports.flush()" because "com.demo.utility.ExtentManager.extent" is null
at com.demo.utility.ExtentManager.endReport(ExtentManager.java:37)
at com.demo.Base.base.afterSuite(base.java:199)
at java.base/jdk.internal.reflect.NativeMethodAccessorImpl.invoke0(Native Method)
at java.base/jdk.internal.reflect.NativeMethodAccessorImpl.invoke(NativeMethodAccessorImpl.java:64)
at java.base/jdk.internal.reflect.DelegatingMethodAccessorImpl.invoke(DelegatingMethodAccessorImpl.java:43)
at java.base/java.lang.reflect.Method.invoke(Method.java:564)
at org.testng.internal.MethodInvocationHelper.invokeMethod(MethodInvocationHelper.java:132)
at org.testng.internal.MethodInvocationHelper.invokeMethodConsideringTimeout(MethodInvocationHelper.java:61)
at org.testng.internal.ConfigInvoker.invokeConfigurationMethod(ConfigInvoker.java:366)
at org.testng.internal.ConfigInvoker.invokeConfigurations(ConfigInvoker.java:320)
at org.testng.SuiteRunner.privateRun(SuiteRunner.java:351)
at org.testng.SuiteRunner.run(SuiteRunner.java:286)
at org.testng.SuiteRunnerWorker.runSuite(SuiteRunnerWorker.java:53)
at org.testng.SuiteRunnerWorker.run(SuiteRunnerWorker.java:96)
at org.testng.TestNG.runSuitesSequentially(TestNG.java:1218)
at org.testng.TestNG.runSuitesLocally(TestNG.java:1140)
at org.testng.TestNG.runSuites(TestNG.java:1069)
at org.testng.TestNG.run(TestNG.java:1037)
at org.testng.remote.AbstractRemoteTestNG.run(AbstractRemoteTestNG.java:115)
at org.testng.remote.RemoteTestNG.initAndRun(RemoteTestNG.java:251)
at org.testng.remote.RemoteTestNG.main(RemoteTestNG.java:77)
]]>
    </error>
  </testcase> <!-- afterSuite -->
  <system-out/>
  <testcase classname="com.demo.testcases.TC_NEC_AL_WH_Yes_02" name="clickonLoginTest" time="175.534"/>
  <system-out/>
  <testcase classname="com.demo.testcases.TC_NEC_AL_WH_Yes_02" name="navigate_necform" time="160.642"/>
  <system-out/>
  <testcase classname="com.demo.testcases.TC_NEC_AL_WH_Yes_02" name="form_addpayer" time="344.644"/>
  <system-out/>
  <testcase classname="com.demo.testcases.TC_NEC_AL_WH_Yes_02" name="whamount_AL" time="15.079"/>
  <system-out/>
  <testcase classname="com.demo.testcases.TC_NEC_AL_WH_Yes_02" name="add_Recpt_boxamt" time="317.283"/>
  <system-out/>
  <testcase classname="com.demo.testcases.TC_NEC_AL_WH_Yes_02" name="unCheck_necVES_Wh" time="105.016"/>
  <system-out/>
  <testcase classname="com.demo.testcases.TC_NEC_AL_WH_Yes_02" name="paymentpage_nostatfiling_NEC" time="36.380"/>
  <system-out/>
  <testcase classname="com.demo.testcases.TC_NEC_AL_WH_Yes_02" name="verify_MF_MSF_MRF" time="60.048"/>
  <system-out/>
</testsuite> <!-- com.demo.testcases.TC_NEC_AL_WH_Yes_02 -->
