<?xml version="1.0" encoding="UTF-8"?>
<!-- Generated by org.testng.reporters.JUnitReportReporter -->
<testsuite hostname="DESKTOP-FLJMP0F" failures="0" tests="13" name="com.demo.testcases.TC_NEC_AL_WH_Yes_01" time="1274.849" errors="1" timestamp="2021-04-07T14:37:16 IST" skipped="0">
  <testcase classname="com.demo.testcases.TC_NEC_AL_WH_Yes_01" name="afterSuite" time="1.375">
    <error message="Cannot invoke &quot;com.aventstack.extentreports.ExtentReports.flush()&quot; because &quot;com.demo.utility.ExtentManager.extent&quot; is null" type="java.lang.NullPointerException">
      <![CDATA[java.lang.NullPointerException: Cannot invoke "com.aventstack.extentreports.ExtentReports.flush()" because "com.demo.utility.ExtentManager.extent" is null
at com.demo.utility.ExtentManager.endReport(ExtentManager.java:37)
at com.demo.Base.base.afterSuite(base.java:199)
at java.base/jdk.internal.reflect.NativeMethodAccessorImpl.invoke0(Native Method)
at java.base/jdk.internal.reflect.NativeMethodAccessorImpl.invoke(NativeMethodAccessorImpl.java:64)
at java.base/jdk.internal.reflect.DelegatingMethodAccessorImpl.invoke(DelegatingMethodAccessorImpl.java:43)
at java.base/java.lang.reflect.Method.invoke(Method.java:564)
at org.testng.internal.MethodInvocationHelper.invokeMethod(MethodInvocationHelper.java:132)
at org.testng.internal.MethodInvocationHelper.invokeMethodConsideringTimeout(MethodInvocationHelper.java:61)
at org.testng.internal.ConfigInvoker.invokeConfigurationMethod(ConfigInvoker.java:366)
at org.testng.internal.ConfigInvoker.invokeConfigurations(ConfigInvoker.java:320)
at org.testng.SuiteRunner.privateRun(SuiteRunner.java:351)
at org.testng.SuiteRunner.run(SuiteRunner.java:286)
at org.testng.SuiteRunnerWorker.runSuite(SuiteRunnerWorker.java:53)
at org.testng.SuiteRunnerWorker.run(SuiteRunnerWorker.java:96)
at org.testng.TestNG.runSuitesSequentially(TestNG.java:1218)
at org.testng.TestNG.runSuitesLocally(TestNG.java:1140)
at org.testng.TestNG.runSuites(TestNG.java:1069)
at org.testng.TestNG.run(TestNG.java:1037)
at org.testng.remote.AbstractRemoteTestNG.run(AbstractRemoteTestNG.java:115)
at org.testng.remote.RemoteTestNG.initAndRun(RemoteTestNG.java:251)
at org.testng.remote.RemoteTestNG.main(RemoteTestNG.java:77)
]]>
    </error>
  </testcase> <!-- afterSuite -->
  <system-out/>
  <testcase classname="com.demo.testcases.TC_NEC_AL_WH_Yes_01" name="clickonLoginTest" time="172.452"/>
  <system-out/>
  <testcase classname="com.demo.testcases.TC_NEC_AL_WH_Yes_01" name="navigate_necform" time="160.351"/>
  <system-out/>
  <testcase classname="com.demo.testcases.TC_NEC_AL_WH_Yes_01" name="form_addpayer" time="341.375"/>
  <system-out/>
  <testcase classname="com.demo.testcases.TC_NEC_AL_WH_Yes_01" name="whamount_AL" time="15.096"/>
  <system-out/>
  <testcase classname="com.demo.testcases.TC_NEC_AL_WH_Yes_01" name="add_Recpt_boxamt" time="303.864"/>
  <system-out/>
  <testcase classname="com.demo.testcases.TC_NEC_AL_WH_Yes_01" name="VES_Page_NEC_AL" time="92.406"/>
  <system-out/>
  <testcase classname="com.demo.testcases.TC_NEC_AL_WH_Yes_01" name="state_reconcile_page_AL" time="10.978"/>
  <system-out/>
  <testcase classname="com.demo.testcases.TC_NEC_AL_WH_Yes_01" name="Form_A3_AL" time="27.162"/>
  <system-out/>
  <testcase classname="com.demo.testcases.TC_NEC_AL_WH_Yes_01" name="after_formA3_reconcile" time="10.360"/>
  <system-out/>
  <testcase classname="com.demo.testcases.TC_NEC_AL_WH_Yes_01" name="payment_NEC_AL" time="34.935"/>
  <system-out/>
  <testcase classname="com.demo.testcases.TC_NEC_AL_WH_Yes_01" name="manageforms_NEC_AL" time="4.146"/>
  <system-out/>
  <testcase classname="com.demo.testcases.TC_NEC_AL_WH_Yes_01" name="dashboard_NEC_AL" time="100.349"/>
  <system-out/>
</testsuite> <!-- com.demo.testcases.TC_NEC_AL_WH_Yes_01 -->
