<?xml version="1.0" encoding="UTF-8"?>
<!-- Generated by org.testng.reporters.JUnitXMLReporter -->
<testsuite ignored="7" hostname="DESKTOP-FLJMP0F" failures="5" tests="5" name="AddPayer(failed)" time="380.696" errors="0" timestamp="2021-01-08T13:10:04 IST">
  <testcase classname="com.demo.testcases.AddpayerwithRandomBusinessnameandEIN" name="AddPayerTest" time="80.015">
    <failure type="java.lang.NullPointerException" message="Cannot invoke &amp;quot;org.openqa.selenium.WebDriver.findElement(org.openqa.selenium.By)&amp;quot; because the return value of &amp;quot;com.demo.testcases.AddpayerwithRandomBusinessnameandEIN.getDriver()&amp;quot; is null">
      <![CDATA[java.lang.NullPointerException: Cannot invoke "org.openqa.selenium.WebDriver.findElement(org.openqa.selenium.By)" because the return value of "com.demo.testcases.AddpayerwithRandomBusinessnameandEIN.getDriver()" is null
at com.demo.testcases.AddpayerwithRandomBusinessnameandEIN.AddPayerTest(AddpayerwithRandomBusinessnameandEIN.java:59)
at java.base/java.util.ArrayList.forEach(ArrayList.java:1511)
... Removed 27 stack frames]]>
    </failure>
  </testcase> <!-- AddPayerTest -->
  <testcase classname="com.demo.testcases.AddpayerwithRandomBusinessnameandEIN" name="payerscount_existingaccount" time="80.003">
    <failure type="java.lang.NullPointerException" message="Cannot invoke &amp;quot;org.openqa.selenium.WebDriver.navigate()&amp;quot; because the return value of &amp;quot;com.demo.testcases.AddpayerwithRandomBusinessnameandEIN.getDriver()&amp;quot; is null">
      <![CDATA[java.lang.NullPointerException: Cannot invoke "org.openqa.selenium.WebDriver.navigate()" because the return value of "com.demo.testcases.AddpayerwithRandomBusinessnameandEIN.getDriver()" is null
at com.demo.testcases.AddpayerwithRandomBusinessnameandEIN.payerscount_existingaccount(AddpayerwithRandomBusinessnameandEIN.java:136)
at java.base/java.util.ArrayList.forEach(ArrayList.java:1511)
... Removed 27 stack frames]]>
    </failure>
  </testcase> <!-- payerscount_existingaccount -->
  <testcase classname="com.demo.testcases.SeacrhAddedPayer" name="AddPayerTest" time="80.005">
    <failure type="java.lang.NullPointerException" message="Cannot invoke &amp;quot;org.openqa.selenium.WebDriver.findElement(org.openqa.selenium.By)&amp;quot; because the return value of &amp;quot;com.demo.testcases.SeacrhAddedPayer.getDriver()&amp;quot; is null">
      <![CDATA[java.lang.NullPointerException: Cannot invoke "org.openqa.selenium.WebDriver.findElement(org.openqa.selenium.By)" because the return value of "com.demo.testcases.SeacrhAddedPayer.getDriver()" is null
at com.demo.testcases.SeacrhAddedPayer.AddPayerTest(SeacrhAddedPayer.java:65)
at java.base/java.util.ArrayList.forEach(ArrayList.java:1511)
... Removed 27 stack frames]]>
    </failure>
  </testcase> <!-- AddPayerTest -->
  <testcase classname="com.demo.testcases.SeacrhAddedPayer" name="SearchPayer" time="60.155">
    <failure type="java.lang.NullPointerException" message="Cannot invoke &amp;quot;org.openqa.selenium.WebDriver.findElement(org.openqa.selenium.By)&amp;quot; because the return value of &amp;quot;com.demo.testcases.SeacrhAddedPayer.getDriver()&amp;quot; is null">
      <![CDATA[java.lang.NullPointerException: Cannot invoke "org.openqa.selenium.WebDriver.findElement(org.openqa.selenium.By)" because the return value of "com.demo.testcases.SeacrhAddedPayer.getDriver()" is null
at com.demo.testcases.SeacrhAddedPayer.SearchPayer(SeacrhAddedPayer.java:197)
at java.base/java.util.ArrayList.forEach(ArrayList.java:1511)
... Removed 27 stack frames]]>
    </failure>
  </testcase> <!-- SearchPayer -->
  <testcase classname="com.demo.testcases.TC_AddPayer_SSN_Country_USATest_008" name="AddSSNPayer" time="80.007">
    <failure type="java.lang.NullPointerException" message="Cannot invoke &amp;quot;org.openqa.selenium.WebDriver.findElement(org.openqa.selenium.By)&amp;quot; because the return value of &amp;quot;com.demo.testcases.TC_AddPayer_SSN_Country_USATest_008.getDriver()&amp;quot; is null">
      <![CDATA[java.lang.NullPointerException: Cannot invoke "org.openqa.selenium.WebDriver.findElement(org.openqa.selenium.By)" because the return value of "com.demo.testcases.TC_AddPayer_SSN_Country_USATest_008.getDriver()" is null
at com.demo.testcases.TC_AddPayer_SSN_Country_USATest_008.AddSSNPayer(TC_AddPayer_SSN_Country_USATest_008.java:57)
at java.base/java.util.ArrayList.forEach(ArrayList.java:1511)
... Removed 27 stack frames]]>
    </failure>
  </testcase> <!-- AddSSNPayer -->
  <testcase classname="com.demo.testcases.AddpayerwithRandomBusinessnameandEIN" name="clickonLoginTest" time="0.0">
    <ignored/>
  </testcase> <!-- clickonLoginTest -->
  <testcase classname="com.demo.Base.base" name="@BeforeSuite loadConfig" time="0.0">
    <ignored/>
  </testcase> <!-- @BeforeSuite loadConfig -->
  <testcase classname="com.demo.Base.base" name="@BeforeSuite loadConfig" time="0.0">
    <ignored/>
  </testcase> <!-- @BeforeSuite loadConfig -->
  <testcase classname="com.demo.testcases.TC_AddPayer_SSN_Country_USATest_008" name="clickonLoginTest" time="0.0">
    <ignored/>
  </testcase> <!-- clickonLoginTest -->
  <testcase classname="com.demo.testcases.SeacrhAddedPayer" name="clickonLoginTest" time="0.0">
    <ignored/>
  </testcase> <!-- clickonLoginTest -->
  <testcase classname="com.demo.Base.base" name="@AfterSuite afterSuite" time="0.0">
    <ignored/>
  </testcase> <!-- @AfterSuite afterSuite -->
  <testcase classname="com.demo.Base.base" name="@AfterSuite afterSuite" time="0.0">
    <ignored/>
  </testcase> <!-- @AfterSuite afterSuite -->
</testsuite> <!-- AddPayer(failed) -->
