<?xml version="1.0" encoding="UTF-8"?>
<!-- Generated by org.testng.reporters.JUnitXMLReporter -->
<testsuite ignored="7" hostname="DESKTOP-FLJMP0F" failures="2" tests="2" name="Regression(failed)" time="0.463" errors="0" timestamp="2021-02-11T18:55:36 IST">
  <testcase classname="com.demo.testcases.TC_MISC_WorkingFlow_002" name="manageForms_notAllowEdit" time="0.007">
    <failure type="java.lang.NullPointerException" message="Cannot invoke &amp;quot;org.openqa.selenium.WebDriver.findElement(org.openqa.selenium.By)&amp;quot; because the return value of &amp;quot;com.demo.testcases.TC_MISC_WorkingFlow_002.getDriver()&amp;quot; is null">
      <![CDATA[java.lang.NullPointerException: Cannot invoke "org.openqa.selenium.WebDriver.findElement(org.openqa.selenium.By)" because the return value of "com.demo.testcases.TC_MISC_WorkingFlow_002.getDriver()" is null
at com.demo.testcases.TC_MISC_WorkingFlow_002.manageForms_notAllowEdit(TC_MISC_WorkingFlow_002.java:277)
at java.base/java.util.ArrayList.forEach(ArrayList.java:1511)
... Removed 27 stack frames]]>
    </failure>
  </testcase> <!-- manageForms_notAllowEdit -->
  <testcase classname="com.demo.testcases.TC_MISC_WorkingFlow_002" name="dashboardRecord" time="0.432">
    <failure type="java.lang.NullPointerException" message="Cannot invoke &amp;quot;org.openqa.selenium.WebDriver.findElement(org.openqa.selenium.By)&amp;quot; because the return value of &amp;quot;com.demo.testcases.TC_MISC_WorkingFlow_001.getDriver()&amp;quot; is null">
      <![CDATA[java.lang.NullPointerException: Cannot invoke "org.openqa.selenium.WebDriver.findElement(org.openqa.selenium.By)" because the return value of "com.demo.testcases.TC_MISC_WorkingFlow_001.getDriver()" is null
at com.demo.testcases.TC_MISC_WorkingFlow_001.dashboardsearch_submitted(TC_MISC_WorkingFlow_001.java:1002)
at com.demo.testcases.TC_MISC_WorkingFlow_002.dashboardRecord(TC_MISC_WorkingFlow_002.java:308)
at java.base/java.util.ArrayList.forEach(ArrayList.java:1511)
... Removed 27 stack frames]]>
    </failure>
  </testcase> <!-- dashboardRecord -->
  <testcase classname="com.demo.testcases.TC_MISC_WorkingFlow_002" name="clickonLoginTest" time="0.0">
    <ignored/>
  </testcase> <!-- clickonLoginTest -->
  <testcase classname="com.demo.testcases.TC_MISC_WorkingFlow_002" name="paymentDetails_page" time="0.0">
    <ignored/>
  </testcase> <!-- paymentDetails_page -->
  <testcase classname="com.demo.testcases.TC_MISC_WorkingFlow_002" name="addrecipient_singlebox_save" time="0.0">
    <ignored/>
  </testcase> <!-- addrecipient_singlebox_save -->
  <testcase classname="com.demo.testcases.TC_MISC_WorkingFlow_002" name="newForm_selection" time="0.0">
    <ignored/>
  </testcase> <!-- newForm_selection -->
  <testcase classname="com.demo.testcases.TC_MISC_WorkingFlow_002" name="form_addpayer" time="0.0">
    <ignored/>
  </testcase> <!-- form_addpayer -->
  <testcase classname="com.demo.testcases.TC_MISC_WorkingFlow_002" name="selectTIN_USPS" time="0.0">
    <ignored/>
  </testcase> <!-- selectTIN_USPS -->
  <testcase classname="com.demo.testcases.TC_MISC_WorkingFlow_002" name="validate_VESPage_details" time="0.0">
    <ignored/>
  </testcase> <!-- validate_VESPage_details -->
</testsuite> <!-- Regression(failed) -->
