<?xml version="1.0" encoding="UTF-8"?>
<!-- Generated by org.testng.reporters.JUnitXMLReporter -->
<testsuite ignored="2" hostname="DESKTOP-FLJMP0F" failures="1" tests="26" name="Regression" time="49736.931" errors="0" timestamp="2021-03-09T10:10:16 IST">
  <testcase classname="com.demo.testcases.TC_MISC_WorkingFlow_001" name="clickonLoginTest" time="220.64"/>
  <testcase classname="com.demo.testcases.TC_MISC_WorkingFlow_001" name="navigate_1099MISCform" time="240.338"/>
  <testcase classname="com.demo.testcases.TC_MISC_WorkingFlow_001" name="form_addpayer" time="576.016"/>
  <testcase classname="com.demo.testcases.TC_MISC_WorkingFlow_001" name="form_addRecipient" time="46262.109"/>
  <testcase classname="com.demo.testcases.TC_MISC_WorkingFlow_001" name="singleBox" time="0.129"/>
  <testcase classname="com.demo.testcases.TC_MISC_WorkingFlow_001" name="saveForm1099" time="81.236"/>
  <testcase classname="com.demo.testcases.TC_MISC_WorkingFlow_001" name="validateVES_data" time="479.04"/>
  <testcase classname="com.demo.testcases.TC_MISC_WorkingFlow_001" name="launch_paymentPage" time="133.402"/>
  <testcase classname="com.demo.testcases.TC_MISC_WorkingFlow_001" name="paymentpage_validations" time="60.922"/>
  <testcase classname="com.demo.testcases.TC_MISC_WorkingFlow_001" name="payment_confirmationPage" time="13.756"/>
  <testcase classname="com.demo.testcases.TC_MISC_WorkingFlow_001" name="filing_history" time="13.514"/>
  <testcase classname="com.demo.testcases.TC_MISC_WorkingFlow_001" name="manageforms" time="4.095"/>
  <testcase classname="com.demo.testcases.TC_MISC_WorkingFlow_001" name="dashboardsearch_submitted" time="100.313"/>
  <testcase classname="com.demo.testcases.TC_MISC_GA_WH_Yes_01" name="clickonLoginTest" time="181.985"/>
  <testcase classname="com.demo.testcases.TC_MISC_GA_WH_Yes_01" name="navigate_miscform" time="240.379"/>
  <testcase classname="com.demo.testcases.TC_MISC_GA_WH_Yes_01" name="form_addpayer" time="388.519"/>
  <testcase classname="com.demo.testcases.TC_MISC_GA_WH_Yes_01" name="add_Recpt_boxamt" time="203.268"/>
  <testcase classname="com.demo.testcases.TC_MISC_GA_WH_Yes_01" name="withHeld_amount_GA" time="128.902"/>
  <testcase classname="com.demo.testcases.TC_MISC_GA_WH_Yes_01" name="save_form" time="80.336"/>
  <testcase classname="com.demo.testcases.TC_MISC_GA_WH_Yes_01" name="verify_VES" time="52.113"/>
  <testcase classname="com.demo.testcases.TC_MISC_GA_WH_Yes_01" name="state_reconsillation_page" time="30.946"/>
  <testcase classname="com.demo.testcases.TC_MISC_GA_WH_Yes_01" name="form_details" time="31.825"/>
  <testcase classname="com.demo.testcases.TC_MISC_GA_WH_Yes_01" name="after_reconsillation_page" time="40.517">
    <failure type="org.openqa.selenium.NoSuchElementException" message="no such element: Unable to locate element: {&amp;quot;method&amp;quot;:&amp;quot;css selector&amp;quot;,&amp;quot;selector&amp;quot;:&amp;quot;#alertify\-ok&amp;quot;}
  (Session info: chrome=88.0.4324.182)
For documentation on this error, please visit: https://www.seleniumhq.org/exceptions/no_such_element.html
Build info: version: &amp;apos;3.141.59&amp;apos;, revision: &amp;apos;e82be7d358&amp;apos;, time: &amp;apos;2018-11-14T08:25:48&amp;apos;
System info: host: &amp;apos;DESKTOP-FLJMP0F&amp;apos;, ip: &amp;apos;192.168.1.21&amp;apos;, os.name: &amp;apos;Windows 10&amp;apos;, os.arch: &amp;apos;amd64&amp;apos;, os.version: &amp;apos;10.0&amp;apos;, java.version: &amp;apos;15.0.1&amp;apos;
Driver info: org.openqa.selenium.chrome.ChromeDriver
Capabilities {acceptInsecureCerts: false, browserName: chrome, browserVersion: 88.0.4324.182, chrome: {chromedriverVersion: 88.0.4324.96 (68dba2d8a0b14..., userDataDir: C:\Users\USER_L~1\AppData\L...}, goog:chromeOptions: {debuggerAddress: localhost:54752}, javascriptEnabled: true, networkConnectionEnabled: false, pageLoadStrategy: none, platform: WINDOWS, platformName: WINDOWS, proxy: Proxy(), setWindowRect: true, strictFileInteractability: false, timeouts: {implicit: 0, pageLoad: 300000, script: 30000}, unhandledPromptBehavior: dismiss and notify, webauthn:extension:largeBlob: true, webauthn:virtualAuthenticators: true}
Session ID: b1a1af73e5ddf96bf66680fe376d93d8
*** Element info: {Using=id, value=alertify-ok}">
      <![CDATA[org.openqa.selenium.NoSuchElementException: no such element: Unable to locate element: {"method":"css selector","selector":"#alertify\-ok"}
  (Session info: chrome=88.0.4324.182)
For documentation on this error, please visit: https://www.seleniumhq.org/exceptions/no_such_element.html
Build info: version: '3.141.59', revision: 'e82be7d358', time: '2018-11-14T08:25:48'
System info: host: 'DESKTOP-FLJMP0F', ip: '192.168.1.21', os.name: 'Windows 10', os.arch: 'amd64', os.version: '10.0', java.version: '15.0.1'
Driver info: org.openqa.selenium.chrome.ChromeDriver
Capabilities {acceptInsecureCerts: false, browserName: chrome, browserVersion: 88.0.4324.182, chrome: {chromedriverVersion: 88.0.4324.96 (68dba2d8a0b14..., userDataDir: C:\Users\USER_L~1\AppData\L...}, goog:chromeOptions: {debuggerAddress: localhost:54752}, javascriptEnabled: true, networkConnectionEnabled: false, pageLoadStrategy: none, platform: WINDOWS, platformName: WINDOWS, proxy: Proxy(), setWindowRect: true, strictFileInteractability: false, timeouts: {implicit: 0, pageLoad: 300000, script: 30000}, unhandledPromptBehavior: dismiss and notify, webauthn:extension:largeBlob: true, webauthn:virtualAuthenticators: true}
Session ID: b1a1af73e5ddf96bf66680fe376d93d8
*** Element info: {Using=id, value=alertify-ok}
at org.openqa.selenium.remote.http.W3CHttpResponseCodec.createException(W3CHttpResponseCodec.java:187)
at org.openqa.selenium.remote.http.W3CHttpResponseCodec.decode(W3CHttpResponseCodec.java:122)
at org.openqa.selenium.remote.http.W3CHttpResponseCodec.decode(W3CHttpResponseCodec.java:49)
at org.openqa.selenium.remote.HttpCommandExecutor.execute(HttpCommandExecutor.java:158)
at org.openqa.selenium.remote.service.DriverCommandExecutor.execute(DriverCommandExecutor.java:83)
at org.openqa.selenium.remote.RemoteWebDriver.execute(RemoteWebDriver.java:552)
at org.openqa.selenium.remote.RemoteWebDriver.findElement(RemoteWebDriver.java:323)
at org.openqa.selenium.remote.RemoteWebDriver.findElementById(RemoteWebDriver.java:372)
at org.openqa.selenium.By$ById.findElement(By.java:188)
at org.openqa.selenium.remote.RemoteWebDriver.findElement(RemoteWebDriver.java:315)
at com.demo.testcases.TC_MISC_GA_WH_Yes_01.after_reconsillation_page(TC_MISC_GA_WH_Yes_01.java:464)
at java.base/java.util.ArrayList.forEach(ArrayList.java:1511)
... Removed 32 stack frames]]>
    </failure>
  </testcase> <!-- after_reconsillation_page -->
  <testcase classname="com.demo.testcases.TC_MISC_GA_WH_Yes_01" name="payment_page" time="135.944"/>
  <testcase classname="com.demo.testcases.TC_MISC_GA_WH_Yes_01" name="manageforms" time="0.101"/>
  <testcase classname="com.demo.testcases.TC_MISC_GA_WH_Yes_01" name="manage_reconsillation_form" time="20.747"/>
  <testcase classname="com.demo.Base.base" name="@BeforeSuite loadConfig" time="0.0">
    <ignored/>
  </testcase> <!-- @BeforeSuite loadConfig -->
  <testcase classname="com.demo.Base.base" name="@AfterSuite afterSuite" time="0.0">
    <ignored/>
  </testcase> <!-- @AfterSuite afterSuite -->
</testsuite> <!-- Regression -->
